<?xml version="1.0" encoding="UTF-8"?>
<!-- Generated by org.testng.reporters.JUnitReportReporter -->
<testsuite hostname="DESKTOP-3BL6A4A" failures="0" tests="1" name="smokeTest.searchFunctionality" time="4.392" errors="0" timestamp="2024-02-10T00:52:20 EET" skipped="0">
  <testcase classname="smokeTest.searchFunctionality" name="searchFunc" time="4.392"/>
  <system-out/>
</testsuite> <!-- smokeTest.searchFunctionality -->
