<?xml version="1.0" encoding="UTF-8"?>
<!-- Generated by org.testng.reporters.JUnitReportReporter -->
<testsuite hostname="DESKTOP-3BL6A4A" failures="0" tests="1" name="smokeTest.addWatchesWithPriceGreaterThan50ToCompareList" time="15.679" errors="0" timestamp="2024-02-10T01:51:29 EET" skipped="0">
  <testcase classname="smokeTest.addWatchesWithPriceGreaterThan50ToCompareList" name="addWatchesWithPriceGreaterThan50ToTheCompareList" time="15.679"/>
  <system-out/>
</testsuite> <!-- smokeTest.addWatchesWithPriceGreaterThan50ToCompareList -->
