<?xml version="1.0" encoding="UTF-8"?>
<!-- Generated by org.testng.reporters.JUnitReportReporter -->
<testsuite hostname="DESKTOP-3BL6A4A" failures="0" tests="1" name="smokeTest.loginPage" time="7.298" errors="0" timestamp="2024-02-10T01:07:27 EET" skipped="0">
  <testcase classname="smokeTest.loginPage" name="login" time="7.298"/>
  <system-out/>
</testsuite> <!-- smokeTest.loginPage -->
