<?xml version="1.0" encoding="UTF-8"?>
<!-- Generated by org.testng.reporters.JUnitReportReporter -->
<testsuite hostname="DESKTOP-3BL6A4A" failures="0" tests="3" name="smokeTest.testCases" time="6.730" errors="0" timestamp="2024-02-09T21:49:46 EET" skipped="2">
  <testcase classname="smokeTest.testCases" name="addProductWithUnavailableQty" time="6.730"/>
  <system-out/>
  <testcase classname="smokeTest.testCases" name="addWatchesWithPriceGraterThan50ToCompareList">
    <skipped/>
  </testcase> <!-- addWatchesWithPriceGraterThan50ToCompareList -->
  <system-out/>
  <testcase classname="smokeTest.testCases" name="printNameOfEvenProducts">
    <skipped/>
  </testcase> <!-- printNameOfEvenProducts -->
  <system-out/>
</testsuite> <!-- smokeTest.testCases -->
