<?xml version="1.0" encoding="UTF-8"?>
<!-- Generated by org.testng.reporters.JUnitReportReporter -->
<testsuite hostname="DESKTOP-3BL6A4A" failures="0" tests="1" name="smokeTest.addProductWithUnavailableQtyToCartFunctionality" time="6.384" errors="0" timestamp="2024-02-09T23:22:22 EET" skipped="0">
  <testcase classname="smokeTest.addProductWithUnavailableQtyToCartFunctionality" name="addProductWithUnavailableQty" time="6.384"/>
  <system-out/>
</testsuite> <!-- smokeTest.addProductWithUnavailableQtyToCartFunctionality -->
