<?xml version="1.0" encoding="UTF-8"?>
<!-- Generated by org.testng.reporters.JUnitReportReporter -->
<testsuite hostname="DESKTOP-3BL6A4A" failures="0" tests="1" name="smokeTest.hotSeller" time="0.170" errors="0" timestamp="2024-02-07T20:08:16 EET" skipped="0">
  <testcase classname="smokeTest.hotSeller" name="printNameOfEvenProducts" time="0.170"/>
  <system-out/>
</testsuite> <!-- smokeTest.hotSeller -->
