<?xml version="1.0" encoding="UTF-8"?>
<!-- Generated by org.testng.reporters.JUnitReportReporter -->
<testsuite hostname="DESKTOP-3BL6A4A" failures="0" tests="5" name="smokeTest.homePage" time="2.055" errors="0" timestamp="2024-01-31T20:12:04 EET" skipped="4">
  <testcase classname="smokeTest.homePage" name="myTest1" time="2.055"/>
  <system-out/>
  <testcase classname="smokeTest.homePage" name="filterFunctionality">
    <skipped/>
  </testcase> <!-- filterFunctionality -->
  <system-out/>
  <testcase classname="smokeTest.homePage" name="myTest3">
    <skipped/>
  </testcase> <!-- myTest3 -->
  <system-out/>
  <testcase classname="smokeTest.homePage" name="myTest2">
    <skipped/>
  </testcase> <!-- myTest2 -->
  <system-out/>
  <testcase classname="smokeTest.homePage" name="login">
    <skipped/>
  </testcase> <!-- login -->
  <system-out/>
</testsuite> <!-- smokeTest.homePage -->
