<?xml version="1.0" encoding="UTF-8"?>
<!-- Generated by org.testng.reporters.JUnitReportReporter -->
<testsuite hostname="DESKTOP-3BL6A4A" failures="0" tests="1" name="smokeTest.printNameOfEvenProducts" time="0.286" errors="0" timestamp="2024-02-10T00:52:37 EET" skipped="0">
  <testcase classname="smokeTest.printNameOfEvenProducts" name="printNameOfEvenProductsInHotSellerSection" time="0.286"/>
  <system-out/>
</testsuite> <!-- smokeTest.printNameOfEvenProducts -->
