<?xml version="1.0" encoding="UTF-8"?>
<!-- Generated by org.testng.reporters.JUnitReportReporter -->
<testsuite hostname="DESKTOP-3BL6A4A" failures="0" tests="1" name="smokeTest.printNameOfCategoriesInNavbar" time="0.411" errors="0" timestamp="2024-02-10T00:48:35 EET" skipped="0">
  <testcase classname="smokeTest.printNameOfCategoriesInNavbar" name="printNameOfTheCategoriesInTheNavbar" time="0.411"/>
  <system-out/>
</testsuite> <!-- smokeTest.printNameOfCategoriesInNavbar -->
