<?xml version="1.0" encoding="UTF-8"?>
<!-- Generated by org.testng.reporters.JUnitReportReporter -->
<testsuite hostname="DESKTOP-3BL6A4A" failures="0" tests="1" name="smokeTest.addProductWithUnavailableQtyToCart" time="5.810" errors="0" timestamp="2024-02-10T00:40:15 EET" skipped="0">
  <testcase classname="smokeTest.addProductWithUnavailableQtyToCart" name="addProductWithUnavailableQty" time="5.810"/>
  <system-out/>
</testsuite> <!-- smokeTest.addProductWithUnavailableQtyToCart -->
